2026-03-28 14:47:48.330  INFO 1 - [       main] c.epam.healenium.Application     : Starting Application v3.4.6 using Java 22.0.2 with PID 1 (/healenium-backend.jar started by root in /) 
2026-03-28 14:47:48.475  INFO 1 - [       main] c.epam.healenium.Application     : No active profile set, falling back to 1 default profile: "default" 
2026-03-28 14:47:50.694  INFO 1 - [       main] .RepositoryConfigurationDelegate : Bootstrapping Spring Data JPA repositories in DEFAULT mode. 
2026-03-28 14:47:50.978  INFO 1 - [       main] .RepositoryConfigurationDelegate : Finished Spring Data repository scanning in 258 ms. Found 4 JPA repository interfaces. 
2026-03-28 14:47:53.079  INFO 1 - [       main] o.s.b.w.e.t.TomcatWebServer      : Tomcat initialized with port 7878 (http) 
2026-03-28 14:47:53.130  INFO 1 - [       main] o.a.c.core.StandardService       : Starting service [Tomcat] 
2026-03-28 14:47:53.132  INFO 1 - [       main] o.a.c.core.StandardEngine        : Starting Servlet engine: [Apache Tomcat/10.1.30] 
2026-03-28 14:47:53.201  INFO 1 - [       main] o.a.c.c.C.[.[localhost].[/]      : Initializing Spring embedded WebApplicationContext 
2026-03-28 14:47:53.203  INFO 1 - [       main] rvletWebServerApplicationContext : Root WebApplicationContext: initialization completed in 4613 ms 
2026-03-28 14:47:53.975  INFO 1 - [       main] c.z.hikari.HikariDataSource      : HikariPool-1 - Starting... 
2026-03-28 14:47:54.496  INFO 1 - [       main] c.z.hikari.HikariDataSource      : HikariPool-1 - Start completed. 
2026-03-28 14:47:54.803  INFO 1 - [       main] liquibase.database               : Set default schema name to healenium 
2026-03-28 14:47:55.829  INFO 1 - [       main] liquibase.changelog              : Reading from healenium.databasechangelog 
2026-03-28 14:47:55.951  INFO 1 - [       main] liquibase.ui                     : Database is up to date, no changesets to execute 
2026-03-28 14:47:55.957  INFO 1 - [       main] liquibase.changelog              : Reading from healenium.databasechangelog 
2026-03-28 14:47:55.988  INFO 1 - [       main] liquibase.util                   : UPDATE SUMMARY 
2026-03-28 14:47:55.991  INFO 1 - [       main] liquibase.util                   : Run:                          0 
2026-03-28 14:47:55.993  INFO 1 - [       main] liquibase.util                   : Previously run:              10 
2026-03-28 14:47:55.994  INFO 1 - [       main] liquibase.util                   : Filtered out:                 0 
2026-03-28 14:47:55.997  INFO 1 - [       main] liquibase.util                   : ------------------------------- 
2026-03-28 14:47:55.999  INFO 1 - [       main] liquibase.util                   : Total change sets:           10 
2026-03-28 14:47:56.001  INFO 1 - [       main] liquibase.util                   : Update summary generated 
2026-03-28 14:47:56.057  INFO 1 - [       main] liquibase.lockservice            : Successfully released change log lock 
2026-03-28 14:47:56.062  INFO 1 - [       main] liquibase.command                : Command execution complete 
2026-03-28 14:47:56.500  INFO 1 - [       main] o.h.j.internal.util.LogHelper    : HHH000204: Processing PersistenceUnitInfo [name: default] 
2026-03-28 14:47:56.749  INFO 1 - [       main] org.hibernate.Version            : HHH000412: Hibernate ORM core version 6.5.3.Final 
2026-03-28 14:47:56.870  INFO 1 - [       main] o.h.c.i.RegionFactoryInitiator   : HHH000026: Second-level cache disabled 
2026-03-28 14:47:57.598  INFO 1 - [       main] .o.j.p.SpringPersistenceUnitInfo : No LoadTimeWeaver setup: ignoring JPA class transformer 
2026-03-28 14:47:57.618  WARN 1 - [       main] org.hibernate.orm.deprecation    : HHH90000021: Encountered deprecated setting [hibernate.temp.use_jdbc_metadata_defaults], use [hibernate.boot.allow_jdbc_metadata_access] instead 
2026-03-28 14:47:57.648  WARN 1 - [       main] org.hibernate.orm.deprecation    : HHH90000025: PostgreSQLDialect does not need to be specified explicitly using 'hibernate.dialect' (remove the property setting and it will be selected by default) 
2026-03-28 14:47:59.290  WARN 1 - [       main] o.h.m.internal.MetadataContext   : HHH015011: Unable to locate static metamodel field : com.epam.healenium.model.domain.Selector_#nodePathWrapper; this may or may not indicate a problem with the static metamodel 
2026-03-28 14:47:59.297  INFO 1 - [       main] h.e.t.j.p.i.JtaPlatformInitiator : HHH000489: No JTA platform available (set 'hibernate.transaction.jta.platform' to enable JTA platform integration) 
2026-03-28 14:47:59.302  INFO 1 - [       main] ontainerEntityManagerFactoryBean : Initialized JPA EntityManagerFactory for persistence unit 'default' 
2026-03-28 14:48:00.143  INFO 1 - [       main] o.s.d.j.r.q.QueryEnhancerFactory : Hibernate is in classpath; If applicable, HQL parser will be used. 
2026-03-28 14:48:01.558  INFO 1 - [       main] .a.w.s.WelcomePageHandlerMapping : Adding welcome page template: index 
2026-03-28 14:48:03.407  INFO 1 - [       main] .s.b.a.e.w.EndpointLinksResolver : Exposing 1 endpoint beneath base path '/actuator' 
2026-03-28 14:48:03.740  INFO 1 - [       main] o.s.b.w.e.t.TomcatWebServer      : Tomcat started on port 7878 (http) with context path '/' 
2026-03-28 14:48:03.956  INFO 1 - [       main] c.epam.healenium.Application     : Started Application in 16.64 seconds (process running for 20.065) 
2026-03-28 14:48:07.518  INFO 1 - [7878-exec-1] o.a.c.c.C.[.[localhost].[/]      : Initializing Spring DispatcherServlet 'dispatcherServlet' 
2026-03-28 14:48:07.519  INFO 1 - [7878-exec-1] o.s.w.s.DispatcherServlet        : Initializing Servlet 'dispatcherServlet' 
2026-03-28 14:48:07.523  INFO 1 - [7878-exec-1] o.s.w.s.DispatcherServlet        : Completed initialization in 1 ms 
2026-03-28 14:48:16.029  INFO 1 - [7878-exec-5] healenium                        : [Save Elements] Request: By.xpath(//input[@aria-label="Email"]) 
2026-03-28 14:48:16.208  INFO 1 - [7878-exec-6] healenium                        : [Save Elements] Request: By.xpath(//input[@aria-label="Email"]) 
2026-03-28 14:48:16.684  INFO 1 - [7878-exec-7] healenium                        : [Save Elements] Request: By.xpath(//input[@aria-label="Email"]) 
2026-03-28 14:48:17.087  INFO 1 - [7878-exec-8] healenium                        : [Save Elements] Request: By.xpath(//input[@aria-label="Password"]) 
2026-03-28 14:48:17.584  INFO 1 - [7878-exec-9] healenium                        : [Save Elements] Request: By.xpath(//input[@aria-label="Password"]) 
2026-03-28 14:48:18.093  INFO 1 - [878-exec-10] healenium                        : [Save Elements] Request: By.xpath(//span[text()=" Login  "]/../..) 
2026-03-28 14:48:28.460  INFO 1 - [7878-exec-1] healenium                        : [Save Elements] Request: By.xpath(//span[text()=' Add Patient ']/../..) 
2026-03-28 14:48:28.571  INFO 1 - [7878-exec-2] healenium                        : [Save Elements] Request: By.xpath(//span[text()=' Add Patient ']/../..) 
2026-03-28 14:48:28.701  INFO 1 - [7878-exec-3] healenium                        : [Save Elements] Request: By.xpath(//span[text()=' Add Patient ']/../..) 
2026-03-28 14:48:30.692  INFO 1 - [7878-exec-6] healenium                        : [Save Elements] Request: By.xpath(//mat-label[text()=' First Name ']) 
2026-03-28 14:48:30.783  INFO 1 - [7878-exec-7] healenium                        : [Save Elements] Request: By.xpath(//input[@aria-label="First Name"]) 
2026-03-28 14:48:30.842  INFO 1 - [7878-exec-8] healenium                        : [Save Elements] Request: By.xpath(//input[@aria-label="First Name"]) 
2026-03-28 14:48:31.053  INFO 1 - [7878-exec-9] healenium                        : [Save Elements] Request: By.xpath(//input[@aria-label="Last Name"]) 
2026-03-28 14:48:31.239  INFO 1 - [878-exec-10] healenium                        : [Save Elements] Request: By.xpath(//input[@aria-label="Date of Birth"]) 
2026-03-28 14:48:31.453  INFO 1 - [7878-exec-1] healenium                        : [Save Elements] Request: By.xpath(//input[@aria-label="Zip Code"]) 
2026-03-28 14:48:31.671  INFO 1 - [7878-exec-2] healenium                        : [Save Elements] Request: By.xpath(//span[text()="I have obtained Patient Consent for  "]/../..//input) 
2026-03-28 14:48:33.790  INFO 1 - [7878-exec-3] healenium                        : [Save Elements] Request: By.xpath(//span[text()="I have obtained Patient Consent for  "]/../..//input) 
2026-03-28 14:48:35.587  INFO 1 - [7878-exec-6] healenium                        : [Save Elements] Request: By.xpath(//span[text()="I have obtained Patient Consent for  "]/../..//input) 
2026-03-28 14:48:37.676  INFO 1 - [7878-exec-7] healenium                        : [Save Elements] Request: By.xpath(//div[@class="footer-buttons"]//ofx-button[@variant="primary"]) 
2026-03-28 14:48:39.909  INFO 1 - [7878-exec-1] healenium                        : [Save Elements] Request: By.xpath(//mat-dialog-actions//ofx-button[@class="ofx-btn ng-star-inserted"]) 
2026-03-28 14:48:39.973  INFO 1 - [7878-exec-2] healenium                        : [Save Elements] Request: By.xpath(//mat-dialog-actions//ofx-button[@class="ofx-btn ng-star-inserted"]) 
2026-03-28 14:48:41.182  INFO 1 - [7878-exec-5] healenium                        : [Save Elements] Request: By.xpath(//div[contains(@class,'loader-container') and contains(@style,'display: block')]) 
2026-03-28 14:48:41.833  INFO 1 - [7878-exec-6] healenium                        : [Save Elements] Request: By.xpath(//div[contains(@class,'loader-container') and contains(@style,'display: block')]) 
2026-03-28 14:48:42.430  INFO 1 - [7878-exec-7] healenium                        : [Save Elements] Request: By.xpath(//div[contains(@class,'loader-container') and contains(@style,'display: block')]) 
2026-03-28 14:48:43.073  INFO 1 - [7878-exec-8] healenium                        : [Save Elements] Request: By.xpath(//div[contains(@class,'loader-container') and contains(@style,'display: block')]) 
2026-03-28 14:48:43.674  INFO 1 - [7878-exec-9] healenium                        : [Save Elements] Request: By.xpath(//div[contains(@class,'loader-container') and contains(@style,'display: block')]) 
2026-03-28 14:48:44.297  INFO 1 - [878-exec-10] healenium                        : [Save Elements] Request: By.xpath(//div[contains(@class,'loader-container') and contains(@style,'display: block')]) 
2026-03-28 14:48:44.914  INFO 1 - [7878-exec-1] healenium                        : [Save Elements] Request: By.xpath(//div[contains(@class,'loader-container') and contains(@style,'display: block')]) 
2026-03-28 14:48:45.547  INFO 1 - [7878-exec-2] healenium                        : [Save Elements] Request: By.xpath(//div[contains(@class,'loader-container') and contains(@style,'display: block')]) 
2026-03-28 14:48:46.156  INFO 1 - [7878-exec-3] healenium                        : [Save Elements] Request: By.xpath(//div[contains(@class,'loader-container') and contains(@style,'display: block')]) 
2026-03-28 14:48:48.284  INFO 1 - [7878-exec-8] healenium                        : [Save Elements] Request: By.xpath(//div[contains(@class,'loader-container') and contains(@style,'display: block')]) 
2026-03-28 14:48:48.953  INFO 1 - [7878-exec-9] healenium                        : [Save Elements] Request: By.xpath(//div[contains(@class,'loader-container') and contains(@style,'display: block')]) 
2026-03-28 14:48:49.561  INFO 1 - [878-exec-10] healenium                        : [Save Elements] Request: By.xpath(//div[contains(@class,'loader-container') and contains(@style,'display: block')]) 
2026-03-28 14:48:50.139  INFO 1 - [7878-exec-1] healenium                        : [Save Elements] Request: By.xpath(//div[contains(@class,'loader-container') and contains(@style,'display: block')]) 
2026-03-28 14:48:50.734  INFO 1 - [7878-exec-2] healenium                        : [Save Elements] Request: By.xpath(//div[contains(@class,'loader-container') and contains(@style,'display: block')]) 
2026-03-28 14:48:51.795  INFO 1 - [7878-exec-5] healenium                        : [Save Elements] Request: By.xpath(//span[normalize-space(text())='Aligner']/../following-sibling::ofx-button) 
2026-03-28 14:48:54.493  INFO 1 - [7878-exec-8] healenium                        : [Save Elements] Request: By.xpath(//span[normalize-space(text())="Continue"]) 
2026-03-28 14:48:56.594  INFO 1 - [7878-exec-9] healenium                        : [Save Elements] Request: By.xpath(//span[normalize-space(text())="Continue"]) 
2026-03-28 14:49:55.786  INFO 1 - [7878-exec-3] healenium                        : [Save Elements] Request: By.xpath(//input[@aria-label="Email"]) 
2026-03-28 14:49:55.966  INFO 1 - [7878-exec-4] healenium                        : [Save Elements] Request: By.xpath(//input[@aria-label="Email"]) 
2026-03-28 14:49:56.168  INFO 1 - [7878-exec-5] healenium                        : [Save Elements] Request: By.xpath(//input[@aria-label="Email"]) 
2026-03-28 14:49:56.691  INFO 1 - [7878-exec-6] healenium                        : [Save Elements] Request: By.xpath(//input[@aria-label="Password"]) 
2026-03-28 14:49:56.817  INFO 1 - [7878-exec-7] healenium                        : [Save Elements] Request: By.xpath(//input[@aria-label="Password"]) 
2026-03-28 14:49:57.017  INFO 1 - [7878-exec-8] healenium                        : [Save Elements] Request: By.xpath(//span[text()=" Login  "]/../..) 
2026-03-28 14:50:07.246  INFO 1 - [7878-exec-9] healenium                        : [Save Elements] Request: By.xpath(//span[text()=' Add Patient ']/../..) 
2026-03-28 14:50:07.339  INFO 1 - [878-exec-10] healenium                        : [Save Elements] Request: By.xpath(//span[text()=' Add Patient ']/../..) 
2026-03-28 14:50:07.454  INFO 1 - [7878-exec-1] healenium                        : [Save Elements] Request: By.xpath(//span[text()=' Add Patient ']/../..) 
2026-03-28 14:50:09.116  INFO 1 - [7878-exec-3] healenium                        : [Save Elements] Request: By.xpath(//mat-label[text()=' First Name ']) 
2026-03-28 14:50:09.247  INFO 1 - [7878-exec-4] healenium                        : [Save Elements] Request: By.xpath(//input[@aria-label="First Name"]) 
2026-03-28 14:50:09.370  INFO 1 - [7878-exec-5] healenium                        : [Save Elements] Request: By.xpath(//input[@aria-label="First Name"]) 
2026-03-28 14:50:09.678  INFO 1 - [7878-exec-6] healenium                        : [Save Elements] Request: By.xpath(//input[@aria-label="Last Name"]) 
2026-03-28 14:50:09.996  INFO 1 - [7878-exec-7] healenium                        : [Save Elements] Request: By.xpath(//input[@aria-label="Date of Birth"]) 
2026-03-28 14:50:10.226  INFO 1 - [7878-exec-8] healenium                        : [Save Elements] Request: By.xpath(//input[@aria-label="Zip Code"]) 
2026-03-28 14:50:10.524  INFO 1 - [7878-exec-9] healenium                        : [Save Elements] Request: By.xpath(//span[text()="I have obtained Patient Consent for  "]/../..//input) 
2026-03-28 14:50:12.637  INFO 1 - [878-exec-10] healenium                        : [Save Elements] Request: By.xpath(//span[text()="I have obtained Patient Consent for  "]/../..//input) 
2026-03-28 14:50:13.625  INFO 1 - [7878-exec-3] healenium                        : [Save Elements] Request: By.xpath(//span[text()="I have obtained Patient Consent for  "]/../..//input) 
2026-03-28 14:50:15.723  INFO 1 - [7878-exec-4] healenium                        : [Save Elements] Request: By.xpath(//div[@class="footer-buttons"]//ofx-button[@variant="primary"]) 
2026-03-28 14:50:18.556  INFO 1 - [7878-exec-9] healenium                        : [Save Elements] Request: By.xpath(//mat-dialog-actions//ofx-button[@class="ofx-btn ng-star-inserted"]) 
2026-03-28 14:50:18.678  INFO 1 - [878-exec-10] healenium                        : [Save Elements] Request: By.xpath(//mat-dialog-actions//ofx-button[@class="ofx-btn ng-star-inserted"]) 
2026-03-28 14:50:20.159  INFO 1 - [7878-exec-3] healenium                        : [Save Elements] Request: By.xpath(//div[contains(@class,'loader-container') and contains(@style,'display: block')]) 
2026-03-28 14:50:20.748  INFO 1 - [7878-exec-4] healenium                        : [Save Elements] Request: By.xpath(//div[contains(@class,'loader-container') and contains(@style,'display: block')]) 
2026-03-28 14:50:21.358  INFO 1 - [7878-exec-5] healenium                        : [Save Elements] Request: By.xpath(//div[contains(@class,'loader-container') and contains(@style,'display: block')]) 
2026-03-28 14:50:21.943  INFO 1 - [7878-exec-6] healenium                        : [Save Elements] Request: By.xpath(//div[contains(@class,'loader-container') and contains(@style,'display: block')]) 
2026-03-28 14:50:22.558  INFO 1 - [7878-exec-7] healenium                        : [Save Elements] Request: By.xpath(//div[contains(@class,'loader-container') and contains(@style,'display: block')]) 
2026-03-28 14:50:23.176  INFO 1 - [7878-exec-8] healenium                        : [Save Elements] Request: By.xpath(//div[contains(@class,'loader-container') and contains(@style,'display: block')]) 
2026-03-28 14:50:23.773  INFO 1 - [7878-exec-9] healenium                        : [Save Elements] Request: By.xpath(//div[contains(@class,'loader-container') and contains(@style,'display: block')]) 
2026-03-28 14:50:24.383  INFO 1 - [878-exec-10] healenium                        : [Save Elements] Request: By.xpath(//div[contains(@class,'loader-container') and contains(@style,'display: block')]) 
2026-03-28 14:50:25.001  INFO 1 - [7878-exec-1] healenium                        : [Save Elements] Request: By.xpath(//div[contains(@class,'loader-container') and contains(@style,'display: block')]) 
2026-03-28 14:50:27.182  INFO 1 - [7878-exec-6] healenium                        : [Save Elements] Request: By.xpath(//div[contains(@class,'loader-container') and contains(@style,'display: block')]) 
2026-03-28 14:50:27.815  INFO 1 - [7878-exec-7] healenium                        : [Save Elements] Request: By.xpath(//div[contains(@class,'loader-container') and contains(@style,'display: block')]) 
2026-03-28 14:50:28.427  INFO 1 - [7878-exec-8] healenium                        : [Save Elements] Request: By.xpath(//div[contains(@class,'loader-container') and contains(@style,'display: block')]) 
2026-03-28 14:50:29.029  INFO 1 - [7878-exec-9] healenium                        : [Save Elements] Request: By.xpath(//div[contains(@class,'loader-container') and contains(@style,'display: block')]) 
2026-03-28 14:50:30.089  INFO 1 - [7878-exec-2] healenium                        : [Save Elements] Request: By.xpath(//span[normalize-space(text())='Aligner']/../following-sibling::ofx-button) 
2026-03-28 14:50:32.555  INFO 1 - [7878-exec-5] healenium                        : [Save Elements] Request: By.xpath(//span[normalize-space(text())="Continue"]) 
2026-03-28 14:50:34.645  INFO 1 - [7878-exec-6] healenium                        : [Save Elements] Request: By.xpath(//span[normalize-space(text())="Continue"]) 
2026-03-28 14:51:19.279  INFO 1 - [878-exec-10] healenium                        : [Save Elements] Request: By.xpath(//input[@aria-label="Email"]) 
2026-03-28 14:51:19.416  INFO 1 - [7878-exec-1] healenium                        : [Save Elements] Request: By.xpath(//input[@aria-label="Email"]) 
2026-03-28 14:51:19.665  INFO 1 - [7878-exec-2] healenium                        : [Save Elements] Request: By.xpath(//input[@aria-label="Email"]) 
2026-03-28 14:51:20.064  INFO 1 - [7878-exec-3] healenium                        : [Save Elements] Request: By.xpath(//input[@aria-label="Password"]) 
2026-03-28 14:51:20.271  INFO 1 - [7878-exec-4] healenium                        : [Save Elements] Request: By.xpath(//input[@aria-label="Password"]) 
2026-03-28 14:51:20.757  INFO 1 - [7878-exec-5] healenium                        : [Save Elements] Request: By.xpath(//span[text()=" Login  "]/../..) 
2026-03-28 14:51:31.177  INFO 1 - [7878-exec-6] healenium                        : [Save Elements] Request: By.xpath(//span[text()=' Add Patient ']/../..) 
2026-03-28 14:51:31.303  INFO 1 - [7878-exec-7] healenium                        : [Save Elements] Request: By.xpath(//span[text()=' Add Patient ']/../..) 
2026-03-28 14:51:31.392  INFO 1 - [7878-exec-8] healenium                        : [Save Elements] Request: By.xpath(//span[text()=' Add Patient ']/../..) 
2026-03-28 14:51:32.779  INFO 1 - [878-exec-10] healenium                        : [Save Elements] Request: By.xpath(//mat-label[text()=' First Name ']) 
2026-03-28 14:51:32.854  INFO 1 - [7878-exec-1] healenium                        : [Save Elements] Request: By.xpath(//input[@aria-label="First Name"]) 
2026-03-28 14:51:32.937  INFO 1 - [7878-exec-2] healenium                        : [Save Elements] Request: By.xpath(//input[@aria-label="First Name"]) 
2026-03-28 14:51:33.108  INFO 1 - [7878-exec-3] healenium                        : [Save Elements] Request: By.xpath(//input[@aria-label="Last Name"]) 
2026-03-28 14:51:33.317  INFO 1 - [7878-exec-4] healenium                        : [Save Elements] Request: By.xpath(//input[@aria-label="Date of Birth"]) 
2026-03-28 14:51:33.609  INFO 1 - [7878-exec-5] healenium                        : [Save Elements] Request: By.xpath(//input[@aria-label="Zip Code"]) 
2026-03-28 14:51:33.806  INFO 1 - [7878-exec-6] healenium                        : [Save Elements] Request: By.xpath(//span[text()="I have obtained Patient Consent for  "]/../..//input) 
2026-03-28 14:51:35.912  INFO 1 - [7878-exec-7] healenium                        : [Save Elements] Request: By.xpath(//span[text()="I have obtained Patient Consent for  "]/../..//input) 
2026-03-28 14:51:36.976  INFO 1 - [878-exec-10] healenium                        : [Save Elements] Request: By.xpath(//span[text()="I have obtained Patient Consent for  "]/../..//input) 
2026-03-28 14:51:39.058  INFO 1 - [7878-exec-1] healenium                        : [Save Elements] Request: By.xpath(//div[@class="footer-buttons"]//ofx-button[@variant="primary"]) 
2026-03-28 14:51:41.779  INFO 1 - [7878-exec-7] healenium                        : [Save Elements] Request: By.xpath(//mat-dialog-actions//ofx-button[@class="ofx-btn ng-star-inserted"]) 
2026-03-28 14:51:42.946  INFO 1 - [878-exec-10] healenium                        : [Save Elements] Request: By.xpath(//div[contains(@class,'loader-container') and contains(@style,'display: block')]) 
2026-03-28 14:51:43.554  INFO 1 - [7878-exec-1] healenium                        : [Save Elements] Request: By.xpath(//div[contains(@class,'loader-container') and contains(@style,'display: block')]) 
2026-03-28 14:51:44.228  INFO 1 - [7878-exec-2] healenium                        : [Save Elements] Request: By.xpath(//div[contains(@class,'loader-container') and contains(@style,'display: block')]) 
2026-03-28 14:51:44.852  INFO 1 - [7878-exec-3] healenium                        : [Save Elements] Request: By.xpath(//div[contains(@class,'loader-container') and contains(@style,'display: block')]) 
2026-03-28 14:51:45.467  INFO 1 - [7878-exec-4] healenium                        : [Save Elements] Request: By.xpath(//div[contains(@class,'loader-container') and contains(@style,'display: block')]) 
2026-03-28 14:51:46.088  INFO 1 - [7878-exec-5] healenium                        : [Save Elements] Request: By.xpath(//div[contains(@class,'loader-container') and contains(@style,'display: block')]) 
2026-03-28 14:51:46.709  INFO 1 - [7878-exec-6] healenium                        : [Save Elements] Request: By.xpath(//div[contains(@class,'loader-container') and contains(@style,'display: block')]) 
2026-03-28 14:51:47.383  INFO 1 - [7878-exec-7] healenium                        : [Save Elements] Request: By.xpath(//div[contains(@class,'loader-container') and contains(@style,'display: block')]) 
2026-03-28 14:51:48.004  INFO 1 - [7878-exec-8] healenium                        : [Save Elements] Request: By.xpath(//div[contains(@class,'loader-container') and contains(@style,'display: block')]) 
2026-03-28 14:51:50.002  INFO 1 - [7878-exec-3] healenium                        : [Save Elements] Request: By.xpath(//div[contains(@class,'loader-container') and contains(@style,'display: block')]) 
2026-03-28 14:51:50.605  INFO 1 - [7878-exec-4] healenium                        : [Save Elements] Request: By.xpath(//div[contains(@class,'loader-container') and contains(@style,'display: block')]) 
2026-03-28 14:51:51.648  INFO 1 - [7878-exec-7] healenium                        : [Save Elements] Request: By.xpath(//span[normalize-space(text())='Aligner']/../following-sibling::ofx-button) 
2026-03-28 14:51:55.028  INFO 1 - [7878-exec-2] healenium                        : [Save Elements] Request: By.xpath(//span[normalize-space(text())="Continue"]) 
2026-03-28 14:51:57.130  INFO 1 - [7878-exec-3] healenium                        : [Save Elements] Request: By.xpath(//span[normalize-space(text())="Continue"]) 
2026-03-28 15:38:27.521  INFO 1 - [7878-exec-7] healenium                        : [Save Elements] Request: By.xpath(//input[@aria-label="Email"]) 
2026-03-28 15:38:27.685  INFO 1 - [7878-exec-8] healenium                        : [Save Elements] Request: By.xpath(//input[@aria-label="Email"]) 
2026-03-28 15:38:27.836  INFO 1 - [7878-exec-9] healenium                        : [Save Elements] Request: By.xpath(//input[@aria-label="Email"]) 
2026-03-28 15:38:28.348  INFO 1 - [878-exec-10] healenium                        : [Save Elements] Request: By.xpath(//input[@aria-label="Password"]) 
2026-03-28 15:38:28.487  INFO 1 - [7878-exec-1] healenium                        : [Save Elements] Request: By.xpath(//input[@aria-label="Password"]) 
2026-03-28 15:38:28.709  INFO 1 - [7878-exec-2] healenium                        : [Save Elements] Request: By.xpath(//span[text()=" Login  "]/../..) 
2026-03-28 15:38:38.978  INFO 1 - [7878-exec-3] healenium                        : [Save Elements] Request: By.xpath(//span[text()=' Add Patient ']/../..) 
2026-03-28 15:38:39.069  INFO 1 - [7878-exec-4] healenium                        : [Save Elements] Request: By.xpath(//span[text()=' Add Patient ']/../..) 
2026-03-28 15:38:39.154  INFO 1 - [7878-exec-5] healenium                        : [Save Elements] Request: By.xpath(//span[text()=' Add Patient ']/../..) 
2026-03-28 15:38:40.770  INFO 1 - [7878-exec-7] healenium                        : [Save Elements] Request: By.xpath(//mat-label[text()=' First Name ']) 
2026-03-28 15:38:40.870  INFO 1 - [7878-exec-8] healenium                        : [Save Elements] Request: By.xpath(//input[@aria-label="First Name"]) 
2026-03-28 15:38:40.954  INFO 1 - [7878-exec-9] healenium                        : [Save Elements] Request: By.xpath(//input[@aria-label="First Name"]) 
2026-03-28 15:38:41.099  INFO 1 - [878-exec-10] healenium                        : [Save Elements] Request: By.xpath(//input[@aria-label="Last Name"]) 
2026-03-28 15:38:41.265  INFO 1 - [7878-exec-1] healenium                        : [Save Elements] Request: By.xpath(//input[@aria-label="Date of Birth"]) 
2026-03-28 15:38:41.478  INFO 1 - [7878-exec-2] healenium                        : [Save Elements] Request: By.xpath(//input[@aria-label="Zip Code"]) 
2026-03-28 15:38:41.675  INFO 1 - [7878-exec-3] healenium                        : [Save Elements] Request: By.xpath(//span[text()="I have obtained Patient Consent for  "]/../..//input) 
2026-03-28 15:38:43.762  INFO 1 - [7878-exec-4] healenium                        : [Save Elements] Request: By.xpath(//span[text()="I have obtained Patient Consent for  "]/../..//input) 
2026-03-28 15:38:44.591  INFO 1 - [7878-exec-7] healenium                        : [Save Elements] Request: By.xpath(//span[text()="I have obtained Patient Consent for  "]/../..//input) 
2026-03-28 15:38:46.744  INFO 1 - [7878-exec-8] healenium                        : [Save Elements] Request: By.xpath(//div[@class="footer-buttons"]//ofx-button[@variant="primary"]) 
2026-03-28 15:38:48.912  INFO 1 - [7878-exec-2] healenium                        : [Save Elements] Request: By.xpath(//mat-dialog-actions//ofx-button[@class="ofx-btn ng-star-inserted"]) 
2026-03-28 15:38:48.979  INFO 1 - [7878-exec-3] healenium                        : [Save Elements] Request: By.xpath(//mat-dialog-actions//ofx-button[@class="ofx-btn ng-star-inserted"]) 
2026-03-28 15:38:50.304  INFO 1 - [7878-exec-6] healenium                        : [Save Elements] Request: By.xpath(//div[contains(@class,'loader-container') and contains(@style,'display: block')]) 
2026-03-28 15:38:50.904  INFO 1 - [7878-exec-7] healenium                        : [Save Elements] Request: By.xpath(//div[contains(@class,'loader-container') and contains(@style,'display: block')]) 
2026-03-28 15:38:51.524  INFO 1 - [7878-exec-8] healenium                        : [Save Elements] Request: By.xpath(//div[contains(@class,'loader-container') and contains(@style,'display: block')]) 
2026-03-28 15:38:52.136  INFO 1 - [7878-exec-9] healenium                        : [Save Elements] Request: By.xpath(//div[contains(@class,'loader-container') and contains(@style,'display: block')]) 
2026-03-28 15:38:52.757  INFO 1 - [878-exec-10] healenium                        : [Save Elements] Request: By.xpath(//div[contains(@class,'loader-container') and contains(@style,'display: block')]) 
2026-03-28 15:38:53.359  INFO 1 - [7878-exec-1] healenium                        : [Save Elements] Request: By.xpath(//div[contains(@class,'loader-container') and contains(@style,'display: block')]) 
2026-03-28 15:38:53.981  INFO 1 - [7878-exec-2] healenium                        : [Save Elements] Request: By.xpath(//div[contains(@class,'loader-container') and contains(@style,'display: block')]) 
2026-03-28 15:38:54.583  INFO 1 - [7878-exec-3] healenium                        : [Save Elements] Request: By.xpath(//div[contains(@class,'loader-container') and contains(@style,'display: block')]) 
2026-03-28 15:38:55.183  INFO 1 - [7878-exec-4] healenium                        : [Save Elements] Request: By.xpath(//div[contains(@class,'loader-container') and contains(@style,'display: block')]) 
2026-03-28 15:41:26.688  INFO 1 - [7878-exec-1] healenium                        : [Save Elements] Request: By.xpath(//input[@aria-label="Email"]) 
2026-03-28 15:41:26.813  INFO 1 - [7878-exec-2] healenium                        : [Save Elements] Request: By.xpath(//input[@aria-label="Email"]) 
2026-03-28 15:41:26.973  INFO 1 - [7878-exec-3] healenium                        : [Save Elements] Request: By.xpath(//input[@aria-label="Email"]) 
2026-03-28 15:41:27.284  INFO 1 - [7878-exec-4] healenium                        : [Save Elements] Request: By.xpath(//input[@aria-label="Password"]) 
2026-03-28 15:41:27.436  INFO 1 - [7878-exec-5] healenium                        : [Save Elements] Request: By.xpath(//input[@aria-label="Password"]) 
2026-03-28 15:41:27.767  INFO 1 - [7878-exec-6] healenium                        : [Save Elements] Request: By.xpath(//span[text()=" Login  "]/../..) 
2026-03-28 15:41:38.060  INFO 1 - [7878-exec-7] healenium                        : [Save Elements] Request: By.xpath(//span[text()=' Add Patient ']/../..) 
2026-03-28 15:41:38.199  INFO 1 - [7878-exec-8] healenium                        : [Save Elements] Request: By.xpath(//span[text()=' Add Patient ']/../..) 
2026-03-28 15:41:38.309  INFO 1 - [7878-exec-9] healenium                        : [Save Elements] Request: By.xpath(//span[text()=' Add Patient ']/../..) 
2026-03-28 15:41:39.922  INFO 1 - [7878-exec-1] healenium                        : [Save Elements] Request: By.xpath(//mat-label[text()=' First Name ']) 
2026-03-28 15:41:40.114  INFO 1 - [7878-exec-2] healenium                        : [Save Elements] Request: By.xpath(//input[@aria-label="First Name"]) 
2026-03-28 15:41:40.216  INFO 1 - [7878-exec-3] healenium                        : [Save Elements] Request: By.xpath(//input[@aria-label="First Name"]) 
2026-03-28 15:41:40.496  INFO 1 - [7878-exec-4] healenium                        : [Save Elements] Request: By.xpath(//input[@aria-label="Last Name"]) 
2026-03-28 15:41:40.710  INFO 1 - [7878-exec-5] healenium                        : [Save Elements] Request: By.xpath(//input[@aria-label="Date of Birth"]) 
2026-03-28 15:41:41.070  INFO 1 - [7878-exec-6] healenium                        : [Save Elements] Request: By.xpath(//input[@aria-label="Zip Code"]) 
2026-03-28 15:41:41.307  INFO 1 - [7878-exec-7] healenium                        : [Save Elements] Request: By.xpath(//span[text()="I have obtained Patient Consent for  "]/../..//input) 
2026-03-28 15:41:43.421  INFO 1 - [7878-exec-8] healenium                        : [Save Elements] Request: By.xpath(//span[text()="I have obtained Patient Consent for  "]/../..//input) 
2026-03-28 15:41:44.324  INFO 1 - [7878-exec-1] healenium                        : [Save Elements] Request: By.xpath(//span[text()="I have obtained Patient Consent for  "]/../..//input) 
2026-03-28 15:41:46.450  INFO 1 - [7878-exec-2] healenium                        : [Save Elements] Request: By.xpath(//div[@class="footer-buttons"]//ofx-button[@variant="primary"]) 
2026-03-28 15:41:49.318  INFO 1 - [7878-exec-7] healenium                        : [Save Elements] Request: By.xpath(//mat-dialog-actions//ofx-button[@class="ofx-btn ng-star-inserted"]) 
2026-03-28 15:41:49.423  INFO 1 - [7878-exec-8] healenium                        : [Save Elements] Request: By.xpath(//mat-dialog-actions//ofx-button[@class="ofx-btn ng-star-inserted"]) 
2026-03-28 15:41:50.646  INFO 1 - [7878-exec-1] healenium                        : [Save Elements] Request: By.xpath(//div[contains(@class,'loader-container') and contains(@style,'display: block')]) 
2026-03-28 15:41:51.387  INFO 1 - [7878-exec-2] healenium                        : [Save Elements] Request: By.xpath(//div[contains(@class,'loader-container') and contains(@style,'display: block')]) 
2026-03-28 15:41:52.015  INFO 1 - [7878-exec-3] healenium                        : [Save Elements] Request: By.xpath(//div[contains(@class,'loader-container') and contains(@style,'display: block')]) 
2026-03-28 15:41:52.639  INFO 1 - [7878-exec-4] healenium                        : [Save Elements] Request: By.xpath(//div[contains(@class,'loader-container') and contains(@style,'display: block')]) 
2026-03-28 15:41:53.267  INFO 1 - [7878-exec-5] healenium                        : [Save Elements] Request: By.xpath(//div[contains(@class,'loader-container') and contains(@style,'display: block')]) 
2026-03-28 15:41:53.874  INFO 1 - [7878-exec-6] healenium                        : [Save Elements] Request: By.xpath(//div[contains(@class,'loader-container') and contains(@style,'display: block')]) 
2026-03-28 15:41:54.482  INFO 1 - [7878-exec-7] healenium                        : [Save Elements] Request: By.xpath(//div[contains(@class,'loader-container') and contains(@style,'display: block')]) 
2026-03-28 15:41:55.098  INFO 1 - [7878-exec-8] healenium                        : [Save Elements] Request: By.xpath(//div[contains(@class,'loader-container') and contains(@style,'display: block')]) 
2026-03-28 15:41:55.737  INFO 1 - [7878-exec-9] healenium                        : [Save Elements] Request: By.xpath(//div[contains(@class,'loader-container') and contains(@style,'display: block')]) 
2026-03-28 15:41:57.411  INFO 1 - [7878-exec-2] healenium                        : [Save Elements] Request: By.xpath(//div[contains(@class,'loader-container') and contains(@style,'display: block')]) 
2026-03-28 15:41:58.030  INFO 1 - [7878-exec-3] healenium                        : [Save Elements] Request: By.xpath(//div[contains(@class,'loader-container') and contains(@style,'display: block')]) 
2026-03-28 15:41:58.662  INFO 1 - [7878-exec-4] healenium                        : [Save Elements] Request: By.xpath(//div[contains(@class,'loader-container') and contains(@style,'display: block')]) 
2026-03-28 15:41:59.269  INFO 1 - [7878-exec-5] healenium                        : [Save Elements] Request: By.xpath(//div[contains(@class,'loader-container') and contains(@style,'display: block')]) 
2026-03-28 15:41:59.873  INFO 1 - [7878-exec-6] healenium                        : [Save Elements] Request: By.xpath(//div[contains(@class,'loader-container') and contains(@style,'display: block')]) 
2026-03-28 15:42:01.348  INFO 1 - [7878-exec-1] healenium                        : [Save Elements] Request: By.xpath(//span[normalize-space(text())='Aligner']/../following-sibling::ofx-button) 
2026-03-28 15:44:21.783  INFO 1 - [7878-exec-7] healenium                        : [Save Elements] Request: By.xpath(//input[@aria-label="Email"]) 
2026-03-28 15:44:21.892  INFO 1 - [7878-exec-8] healenium                        : [Save Elements] Request: By.xpath(//input[@aria-label="Email"]) 
2026-03-28 15:44:22.026  INFO 1 - [7878-exec-9] healenium                        : [Save Elements] Request: By.xpath(//input[@aria-label="Email"]) 
2026-03-28 15:44:22.425  INFO 1 - [878-exec-10] healenium                        : [Save Elements] Request: By.xpath(//input[@aria-label="Password"]) 
2026-03-28 15:44:22.593  INFO 1 - [7878-exec-1] healenium                        : [Save Elements] Request: By.xpath(//input[@aria-label="Password"]) 
2026-03-28 15:44:22.846  INFO 1 - [7878-exec-2] healenium                        : [Save Elements] Request: By.xpath(//span[text()=" Login  "]/../..) 
2026-03-28 15:44:33.143  INFO 1 - [7878-exec-3] healenium                        : [Save Elements] Request: By.xpath(//span[text()=' Add Patient ']/../..) 
2026-03-28 15:44:33.222  INFO 1 - [7878-exec-4] healenium                        : [Save Elements] Request: By.xpath(//span[text()=' Add Patient ']/../..) 
2026-03-28 15:44:33.288  INFO 1 - [7878-exec-5] healenium                        : [Save Elements] Request: By.xpath(//span[text()=' Add Patient ']/../..) 
2026-03-28 15:44:34.712  INFO 1 - [7878-exec-7] healenium                        : [Save Elements] Request: By.xpath(//mat-label[text()=' First Name ']) 
2026-03-28 15:44:34.815  INFO 1 - [7878-exec-8] healenium                        : [Save Elements] Request: By.xpath(//input[@aria-label="First Name"]) 
2026-03-28 15:44:34.910  INFO 1 - [7878-exec-9] healenium                        : [Save Elements] Request: By.xpath(//input[@aria-label="First Name"]) 
2026-03-28 15:44:35.171  INFO 1 - [878-exec-10] healenium                        : [Save Elements] Request: By.xpath(//input[@aria-label="Last Name"]) 
2026-03-28 15:44:35.497  INFO 1 - [7878-exec-1] healenium                        : [Save Elements] Request: By.xpath(//input[@aria-label="Date of Birth"]) 
2026-03-28 15:44:35.740  INFO 1 - [7878-exec-2] healenium                        : [Save Elements] Request: By.xpath(//input[@aria-label="Zip Code"]) 
2026-03-28 15:44:35.951  INFO 1 - [7878-exec-3] healenium                        : [Save Elements] Request: By.xpath(//span[text()="I have obtained Patient Consent for  "]/../..//input) 
2026-03-28 15:44:38.078  INFO 1 - [7878-exec-4] healenium                        : [Save Elements] Request: By.xpath(//span[text()="I have obtained Patient Consent for  "]/../..//input) 
2026-03-28 15:44:39.054  INFO 1 - [7878-exec-7] healenium                        : [Save Elements] Request: By.xpath(//span[text()="I have obtained Patient Consent for  "]/../..//input) 
2026-03-28 15:44:41.153  INFO 1 - [7878-exec-8] healenium                        : [Save Elements] Request: By.xpath(//div[@class="footer-buttons"]//ofx-button[@variant="primary"]) 
2026-03-28 15:44:43.942  INFO 1 - [7878-exec-3] healenium                        : [Save Elements] Request: By.xpath(//mat-dialog-actions//ofx-button[@class="ofx-btn ng-star-inserted"]) 
2026-03-28 15:44:44.052  INFO 1 - [7878-exec-4] healenium                        : [Save Elements] Request: By.xpath(//mat-dialog-actions//ofx-button[@class="ofx-btn ng-star-inserted"]) 
2026-03-28 15:44:45.318  INFO 1 - [7878-exec-7] healenium                        : [Save Elements] Request: By.xpath(//div[contains(@class,'loader-container') and contains(@style,'display: block')]) 
2026-03-28 15:44:45.934  INFO 1 - [7878-exec-8] healenium                        : [Save Elements] Request: By.xpath(//div[contains(@class,'loader-container') and contains(@style,'display: block')]) 
2026-03-28 15:44:46.579  INFO 1 - [7878-exec-9] healenium                        : [Save Elements] Request: By.xpath(//div[contains(@class,'loader-container') and contains(@style,'display: block')]) 
2026-03-28 15:44:47.217  INFO 1 - [878-exec-10] healenium                        : [Save Elements] Request: By.xpath(//div[contains(@class,'loader-container') and contains(@style,'display: block')]) 
2026-03-28 15:44:47.819  INFO 1 - [7878-exec-1] healenium                        : [Save Elements] Request: By.xpath(//div[contains(@class,'loader-container') and contains(@style,'display: block')]) 
2026-03-28 15:44:48.440  INFO 1 - [7878-exec-2] healenium                        : [Save Elements] Request: By.xpath(//div[contains(@class,'loader-container') and contains(@style,'display: block')]) 
2026-03-28 15:44:49.054  INFO 1 - [7878-exec-3] healenium                        : [Save Elements] Request: By.xpath(//div[contains(@class,'loader-container') and contains(@style,'display: block')]) 
2026-03-28 15:44:49.675  INFO 1 - [7878-exec-4] healenium                        : [Save Elements] Request: By.xpath(//div[contains(@class,'loader-container') and contains(@style,'display: block')]) 
2026-03-28 15:44:50.299  INFO 1 - [7878-exec-5] healenium                        : [Save Elements] Request: By.xpath(//div[contains(@class,'loader-container') and contains(@style,'display: block')]) 
2026-03-28 15:44:51.957  INFO 1 - [7878-exec-8] healenium                        : [Save Elements] Request: By.xpath(//div[contains(@class,'loader-container') and contains(@style,'display: block')]) 
2026-03-28 15:44:53.685  INFO 1 - [7878-exec-1] healenium                        : [Save Elements] Request: By.xpath(//div[contains(@class,'loader-container') and contains(@style,'display: block')]) 
2026-03-28 15:44:54.310  INFO 1 - [7878-exec-2] healenium                        : [Save Elements] Request: By.xpath(//div[contains(@class,'loader-container') and contains(@style,'display: block')]) 
2026-03-28 15:44:55.798  INFO 1 - [7878-exec-7] healenium                        : [Save Elements] Request: By.xpath(//span[normalize-space(text())='Aligner']/../following-sibling::ofx-button) 
2026-03-28 15:44:58.509  INFO 1 - [878-exec-10] healenium                        : [Save Elements] Request: By.xpath(//span[normalize-space(text())="Continue"]) 
2026-03-28 15:45:37.800  INFO 1 - [7878-exec-4] healenium                        : [Save Elements] Request: By.xpath(//input[@aria-label="Email"]) 
2026-03-28 15:45:37.887  INFO 1 - [7878-exec-5] healenium                        : [Save Elements] Request: By.xpath(//input[@aria-label="Email"]) 
2026-03-28 15:45:38.006  INFO 1 - [7878-exec-6] healenium                        : [Save Elements] Request: By.xpath(//input[@aria-label="Email"]) 
2026-03-28 15:45:38.273  INFO 1 - [7878-exec-7] healenium                        : [Save Elements] Request: By.xpath(//input[@aria-label="Password"]) 
2026-03-28 15:45:38.445  INFO 1 - [7878-exec-8] healenium                        : [Save Elements] Request: By.xpath(//input[@aria-label="Password"]) 
2026-03-28 15:45:38.741  INFO 1 - [7878-exec-9] healenium                        : [Save Elements] Request: By.xpath(//span[text()=" Login  "]/../..) 
2026-03-28 15:45:49.005  INFO 1 - [878-exec-10] healenium                        : [Save Elements] Request: By.xpath(//span[text()=' Add Patient ']/../..) 
2026-03-28 15:45:49.091  INFO 1 - [7878-exec-1] healenium                        : [Save Elements] Request: By.xpath(//span[text()=' Add Patient ']/../..) 
2026-03-28 15:45:49.154  INFO 1 - [7878-exec-2] healenium                        : [Save Elements] Request: By.xpath(//span[text()=' Add Patient ']/../..) 
2026-03-28 15:45:50.527  INFO 1 - [7878-exec-4] healenium                        : [Save Elements] Request: By.xpath(//mat-label[text()=' First Name ']) 
2026-03-28 15:45:50.610  INFO 1 - [7878-exec-5] healenium                        : [Save Elements] Request: By.xpath(//input[@aria-label="First Name"]) 
2026-03-28 15:45:50.680  INFO 1 - [7878-exec-6] healenium                        : [Save Elements] Request: By.xpath(//input[@aria-label="First Name"]) 
2026-03-28 15:45:50.870  INFO 1 - [7878-exec-7] healenium                        : [Save Elements] Request: By.xpath(//input[@aria-label="Last Name"]) 
2026-03-28 15:45:51.137  INFO 1 - [7878-exec-8] healenium                        : [Save Elements] Request: By.xpath(//input[@aria-label="Date of Birth"]) 
2026-03-28 15:45:51.324  INFO 1 - [7878-exec-9] healenium                        : [Save Elements] Request: By.xpath(//input[@aria-label="Zip Code"]) 
2026-03-28 15:45:51.623  INFO 1 - [878-exec-10] healenium                        : [Save Elements] Request: By.xpath(//span[text()="I have obtained Patient Consent for  "]/../..//input) 
2026-03-28 15:45:53.728  INFO 1 - [7878-exec-1] healenium                        : [Save Elements] Request: By.xpath(//span[text()="I have obtained Patient Consent for  "]/../..//input) 
2026-03-28 15:45:54.619  INFO 1 - [7878-exec-4] healenium                        : [Save Elements] Request: By.xpath(//span[text()="I have obtained Patient Consent for  "]/../..//input) 
2026-03-28 15:45:56.743  INFO 1 - [7878-exec-5] healenium                        : [Save Elements] Request: By.xpath(//div[@class="footer-buttons"]//ofx-button[@variant="primary"]) 
2026-03-28 15:45:59.631  INFO 1 - [878-exec-10] healenium                        : [Save Elements] Request: By.xpath(//mat-dialog-actions//ofx-button[@class="ofx-btn ng-star-inserted"]) 
2026-03-28 15:45:59.729  INFO 1 - [7878-exec-1] healenium                        : [Save Elements] Request: By.xpath(//mat-dialog-actions//ofx-button[@class="ofx-btn ng-star-inserted"]) 
2026-03-28 15:46:00.984  INFO 1 - [7878-exec-4] healenium                        : [Save Elements] Request: By.xpath(//div[contains(@class,'loader-container') and contains(@style,'display: block')]) 
2026-03-28 15:46:01.610  INFO 1 - [7878-exec-5] healenium                        : [Save Elements] Request: By.xpath(//div[contains(@class,'loader-container') and contains(@style,'display: block')]) 
2026-03-28 15:46:02.286  INFO 1 - [7878-exec-6] healenium                        : [Save Elements] Request: By.xpath(//div[contains(@class,'loader-container') and contains(@style,'display: block')]) 
2026-03-28 15:46:02.910  INFO 1 - [7878-exec-7] healenium                        : [Save Elements] Request: By.xpath(//div[contains(@class,'loader-container') and contains(@style,'display: block')]) 
2026-03-28 15:46:03.534  INFO 1 - [7878-exec-8] healenium                        : [Save Elements] Request: By.xpath(//div[contains(@class,'loader-container') and contains(@style,'display: block')]) 
2026-03-28 15:46:04.132  INFO 1 - [7878-exec-9] healenium                        : [Save Elements] Request: By.xpath(//div[contains(@class,'loader-container') and contains(@style,'display: block')]) 
2026-03-28 15:46:04.763  INFO 1 - [878-exec-10] healenium                        : [Save Elements] Request: By.xpath(//div[contains(@class,'loader-container') and contains(@style,'display: block')]) 
2026-03-28 15:46:05.401  INFO 1 - [7878-exec-1] healenium                        : [Save Elements] Request: By.xpath(//div[contains(@class,'loader-container') and contains(@style,'display: block')]) 
2026-03-28 15:46:06.044  INFO 1 - [7878-exec-2] healenium                        : [Save Elements] Request: By.xpath(//div[contains(@class,'loader-container') and contains(@style,'display: block')]) 
2026-03-28 15:46:07.803  INFO 1 - [7878-exec-5] healenium                        : [Save Elements] Request: By.xpath(//div[contains(@class,'loader-container') and contains(@style,'display: block')]) 
2026-03-28 15:46:08.484  INFO 1 - [7878-exec-6] healenium                        : [Save Elements] Request: By.xpath(//div[contains(@class,'loader-container') and contains(@style,'display: block')]) 
2026-03-28 15:46:09.130  INFO 1 - [7878-exec-7] healenium                        : [Save Elements] Request: By.xpath(//div[contains(@class,'loader-container') and contains(@style,'display: block')]) 
2026-03-28 15:46:09.785  INFO 1 - [7878-exec-8] healenium                        : [Save Elements] Request: By.xpath(//div[contains(@class,'loader-container') and contains(@style,'display: block')]) 
2026-03-28 15:46:11.391  INFO 1 - [7878-exec-3] healenium                        : [Save Elements] Request: By.xpath(//span[normalize-space(text())='Aligner']/../following-sibling::ofx-button) 
2026-03-28 15:46:13.886  INFO 1 - [7878-exec-6] healenium                        : [Save Elements] Request: By.xpath(//span[normalize-space(text())="Continue"]) 
2026-03-28 15:54:45.795  INFO 1 - [7878-exec-7] healenium                        : [Save Elements] Request: By.xpath(//input[@aria-label="Email"]) 
2026-03-28 15:54:45.989  INFO 1 - [878-exec-10] healenium                        : [Save Elements] Request: By.xpath(//input[@aria-label="Email"]) 
2026-03-28 15:54:46.266  INFO 1 - [7878-exec-1] healenium                        : [Save Elements] Request: By.xpath(//input[@aria-label="Email"]) 
2026-03-28 15:54:46.777  INFO 1 - [7878-exec-2] healenium                        : [Save Elements] Request: By.xpath(//input[@aria-label="Password"]) 
2026-03-28 15:54:46.929  INFO 1 - [7878-exec-4] healenium                        : [Save Elements] Request: By.xpath(//input[@aria-label="Password"]) 
2026-03-28 15:54:47.332  INFO 1 - [7878-exec-5] healenium                        : [Save Elements] Request: By.xpath(//span[text()=" Login  "]/../..) 
2026-03-28 15:54:57.778  INFO 1 - [7878-exec-3] healenium                        : [Save Elements] Request: By.xpath(//span[text()=' Add Patient ']/../..) 
2026-03-28 15:54:57.856  INFO 1 - [7878-exec-8] healenium                        : [Save Elements] Request: By.xpath(//span[text()=' Add Patient ']/../..) 
2026-03-28 15:54:57.909  INFO 1 - [7878-exec-9] healenium                        : [Save Elements] Request: By.xpath(//span[text()=' Add Patient ']/../..) 
2026-03-28 15:54:59.887  INFO 1 - [7878-exec-1] healenium                        : [Save Elements] Request: By.xpath(//input[@aria-label="First Name"]) 
2026-03-28 15:55:00.021  INFO 1 - [7878-exec-2] healenium                        : [Save Elements] Request: By.xpath(//input[@aria-label="First Name"]) 
2026-03-28 15:55:00.261  INFO 1 - [7878-exec-4] healenium                        : [Save Elements] Request: By.xpath(//input[@aria-label="Last Name"]) 
2026-03-28 15:55:00.573  INFO 1 - [7878-exec-5] healenium                        : [Save Elements] Request: By.xpath(//input[@aria-label="Date of Birth"]) 
2026-03-28 15:55:00.970  INFO 1 - [7878-exec-3] healenium                        : [Save Elements] Request: By.xpath(//input[@aria-label="Zip Code"]) 
2026-03-28 15:55:01.201  INFO 1 - [7878-exec-8] healenium                        : [Save Elements] Request: By.xpath(//span[text()="I have obtained Patient Consent for  "]/../..//input) 
2026-03-28 15:55:03.331  INFO 1 - [7878-exec-9] healenium                        : [Save Elements] Request: By.xpath(//span[text()="I have obtained Patient Consent for  "]/../..//input) 
2026-03-28 15:55:04.176  INFO 1 - [878-exec-10] healenium                        : [Save Elements] Request: By.xpath(//span[text()="I have obtained Patient Consent for  "]/../..//input) 
2026-03-28 15:55:06.262  INFO 1 - [7878-exec-1] healenium                        : [Save Elements] Request: By.xpath(//div[@class="footer-buttons"]//ofx-button[@variant="primary"]) 
2026-03-28 15:55:09.213  INFO 1 - [7878-exec-8] healenium                        : [Save Elements] Request: By.xpath(//mat-dialog-actions//ofx-button[@class="ofx-btn ng-star-inserted"]) 
2026-03-28 15:55:09.329  INFO 1 - [7878-exec-9] healenium                        : [Save Elements] Request: By.xpath(//mat-dialog-actions//ofx-button[@class="ofx-btn ng-star-inserted"]) 
2026-03-28 15:55:10.690  INFO 1 - [878-exec-10] healenium                        : [Save Elements] Request: By.xpath(//div[contains(@class,'loader-container') and contains(@style,'display: block')]) 
2026-03-28 15:55:11.324  INFO 1 - [7878-exec-1] healenium                        : [Save Elements] Request: By.xpath(//div[contains(@class,'loader-container') and contains(@style,'display: block')]) 
2026-03-28 15:55:11.918  INFO 1 - [7878-exec-2] healenium                        : [Save Elements] Request: By.xpath(//div[contains(@class,'loader-container') and contains(@style,'display: block')]) 
2026-03-28 15:55:12.544  INFO 1 - [7878-exec-4] healenium                        : [Save Elements] Request: By.xpath(//div[contains(@class,'loader-container') and contains(@style,'display: block')]) 
2026-03-28 15:55:13.161  INFO 1 - [7878-exec-5] healenium                        : [Save Elements] Request: By.xpath(//div[contains(@class,'loader-container') and contains(@style,'display: block')]) 
2026-03-28 15:55:13.781  INFO 1 - [7878-exec-3] healenium                        : [Save Elements] Request: By.xpath(//div[contains(@class,'loader-container') and contains(@style,'display: block')]) 
2026-03-28 15:55:14.408  INFO 1 - [7878-exec-8] healenium                        : [Save Elements] Request: By.xpath(//div[contains(@class,'loader-container') and contains(@style,'display: block')]) 
2026-03-28 15:55:15.008  INFO 1 - [7878-exec-9] healenium                        : [Save Elements] Request: By.xpath(//div[contains(@class,'loader-container') and contains(@style,'display: block')]) 
2026-03-28 15:55:15.614  INFO 1 - [7878-exec-6] healenium                        : [Save Elements] Request: By.xpath(//div[contains(@class,'loader-container') and contains(@style,'display: block')]) 
2026-03-28 16:10:21.635  INFO 1 - [7878-exec-6] healenium                        : [Save Elements] Request: By.xpath(//input[@aria-label="Email"]) 
2026-03-28 16:10:21.745  INFO 1 - [7878-exec-7] healenium                        : [Save Elements] Request: By.xpath(//input[@aria-label="Email"]) 
2026-03-28 16:10:21.924  INFO 1 - [878-exec-10] healenium                        : [Save Elements] Request: By.xpath(//input[@aria-label="Email"]) 
2026-03-28 16:10:22.230  INFO 1 - [7878-exec-1] healenium                        : [Save Elements] Request: By.xpath(//input[@aria-label="Password"]) 
2026-03-28 16:10:22.392  INFO 1 - [7878-exec-2] healenium                        : [Save Elements] Request: By.xpath(//input[@aria-label="Password"]) 
2026-03-28 16:10:22.645  INFO 1 - [7878-exec-4] healenium                        : [Save Elements] Request: By.xpath(//span[text()=" Login  "]/../..) 
2026-03-28 16:10:33.014  INFO 1 - [7878-exec-5] healenium                        : [Save Elements] Request: By.xpath(//span[text()=' Add Patient ']/../..) 
2026-03-28 16:10:33.106  INFO 1 - [7878-exec-3] healenium                        : [Save Elements] Request: By.xpath(//span[text()=' Add Patient ']/../..) 
2026-03-28 16:10:33.206  INFO 1 - [7878-exec-8] healenium                        : [Save Elements] Request: By.xpath(//span[text()=' Add Patient ']/../..) 
2026-03-28 16:10:34.763  INFO 1 - [7878-exec-6] healenium                        : [Save Elements] Request: By.xpath(//mat-label[text()=' First Name ']) 
2026-03-28 16:10:34.842  INFO 1 - [7878-exec-7] healenium                        : [Save Elements] Request: By.xpath(//input[@aria-label="First Name"]) 
2026-03-28 16:10:34.923  INFO 1 - [878-exec-10] healenium                        : [Save Elements] Request: By.xpath(//input[@aria-label="First Name"]) 
2026-03-28 16:10:35.199  INFO 1 - [7878-exec-1] healenium                        : [Save Elements] Request: By.xpath(//input[@aria-label="Last Name"]) 
2026-03-28 16:10:35.347  INFO 1 - [7878-exec-2] healenium                        : [Save Elements] Request: By.xpath(//input[@aria-label="Date of Birth"]) 
2026-03-28 16:10:35.548  INFO 1 - [7878-exec-4] healenium                        : [Save Elements] Request: By.xpath(//input[@aria-label="Zip Code"]) 
2026-03-28 16:10:35.735  INFO 1 - [7878-exec-5] healenium                        : [Save Elements] Request: By.xpath(//span[text()="I have obtained Patient Consent for  "]/../..//input) 
2026-03-28 16:10:37.805  INFO 1 - [7878-exec-3] healenium                        : [Save Elements] Request: By.xpath(//span[text()="I have obtained Patient Consent for  "]/../..//input) 
2026-03-28 16:10:38.741  INFO 1 - [7878-exec-6] healenium                        : [Save Elements] Request: By.xpath(//span[text()="I have obtained Patient Consent for  "]/../..//input) 
2026-03-28 16:10:40.827  INFO 1 - [7878-exec-7] healenium                        : [Save Elements] Request: By.xpath(//div[@class="footer-buttons"]//ofx-button[@variant="primary"]) 
2026-03-28 16:10:43.566  INFO 1 - [7878-exec-5] healenium                        : [Save Elements] Request: By.xpath(//mat-dialog-actions//ofx-button[@class="ofx-btn ng-star-inserted"]) 
2026-03-28 16:10:43.692  INFO 1 - [7878-exec-3] healenium                        : [Save Elements] Request: By.xpath(//mat-dialog-actions//ofx-button[@class="ofx-btn ng-star-inserted"]) 
2026-03-28 16:10:44.997  INFO 1 - [7878-exec-6] healenium                        : [Save Elements] Request: By.xpath(//div[contains(@class,'loader-container') and contains(@style,'display: block')]) 
2026-03-28 16:10:45.585  INFO 1 - [7878-exec-7] healenium                        : [Save Elements] Request: By.xpath(//div[contains(@class,'loader-container') and contains(@style,'display: block')]) 
2026-03-28 16:10:46.169  INFO 1 - [878-exec-10] healenium                        : [Save Elements] Request: By.xpath(//div[contains(@class,'loader-container') and contains(@style,'display: block')]) 
2026-03-28 16:10:46.758  INFO 1 - [7878-exec-1] healenium                        : [Save Elements] Request: By.xpath(//div[contains(@class,'loader-container') and contains(@style,'display: block')]) 
2026-03-28 16:10:47.365  INFO 1 - [7878-exec-2] healenium                        : [Save Elements] Request: By.xpath(//div[contains(@class,'loader-container') and contains(@style,'display: block')]) 
2026-03-28 16:10:47.977  INFO 1 - [7878-exec-4] healenium                        : [Save Elements] Request: By.xpath(//div[contains(@class,'loader-container') and contains(@style,'display: block')]) 
2026-03-28 16:10:48.559  INFO 1 - [7878-exec-5] healenium                        : [Save Elements] Request: By.xpath(//div[contains(@class,'loader-container') and contains(@style,'display: block')]) 
2026-03-28 16:10:49.185  INFO 1 - [7878-exec-3] healenium                        : [Save Elements] Request: By.xpath(//div[contains(@class,'loader-container') and contains(@style,'display: block')]) 
2026-03-28 16:10:49.786  INFO 1 - [7878-exec-8] healenium                        : [Save Elements] Request: By.xpath(//div[contains(@class,'loader-container') and contains(@style,'display: block')]) 
2026-03-28 16:10:51.384  INFO 1 - [7878-exec-7] healenium                        : [Save Elements] Request: By.xpath(//div[contains(@class,'loader-container') and contains(@style,'display: block')]) 
2026-03-28 16:10:52.042  INFO 1 - [878-exec-10] healenium                        : [Save Elements] Request: By.xpath(//div[contains(@class,'loader-container') and contains(@style,'display: block')]) 
2026-03-28 16:10:52.632  INFO 1 - [7878-exec-1] healenium                        : [Save Elements] Request: By.xpath(//div[contains(@class,'loader-container') and contains(@style,'display: block')]) 
2026-03-28 16:10:53.240  INFO 1 - [7878-exec-2] healenium                        : [Save Elements] Request: By.xpath(//div[contains(@class,'loader-container') and contains(@style,'display: block')]) 
2026-03-28 16:10:53.826  INFO 1 - [7878-exec-4] healenium                        : [Save Elements] Request: By.xpath(//div[contains(@class,'loader-container') and contains(@style,'display: block')]) 
2026-03-28 16:10:55.563  INFO 1 - [7878-exec-6] healenium                        : [Save Elements] Request: By.xpath(//span[normalize-space(text())='Aligner']/../following-sibling::ofx-button) 
2026-03-28 16:10:55.690  INFO 1 - [7878-exec-7] healenium                        : [Save Elements] Request: By.xpath(//span[normalize-space(text())='Aligner']/../following-sibling::ofx-button) 
2026-03-28 16:10:58.271  INFO 1 - [7878-exec-2] healenium                        : [Save Elements] Request: By.xpath(//span[normalize-space(text())="Continue"]) 
2026-03-28 16:15:41.338  INFO 1 - [7878-exec-8] healenium                        : [Save Elements] Request: By.xpath(//input[@aria-label="Email"]) 
2026-03-28 16:15:41.442  INFO 1 - [7878-exec-9] healenium                        : [Save Elements] Request: By.xpath(//input[@aria-label="Email"]) 
2026-03-28 16:15:41.591  INFO 1 - [7878-exec-6] healenium                        : [Save Elements] Request: By.xpath(//input[@aria-label="Email"]) 
2026-03-28 16:15:41.906  INFO 1 - [7878-exec-7] healenium                        : [Save Elements] Request: By.xpath(//input[@aria-label="Password"]) 
2026-03-28 16:15:42.025  INFO 1 - [878-exec-10] healenium                        : [Save Elements] Request: By.xpath(//input[@aria-label="Password"]) 
2026-03-28 16:15:42.312  INFO 1 - [7878-exec-1] healenium                        : [Save Elements] Request: By.xpath(//span[text()=" Login  "]/../..) 
2026-03-28 16:15:52.582  INFO 1 - [7878-exec-2] healenium                        : [Save Elements] Request: By.xpath(//span[text()=' Add Patient ']/../..) 
2026-03-28 16:15:52.656  INFO 1 - [7878-exec-4] healenium                        : [Save Elements] Request: By.xpath(//span[text()=' Add Patient ']/../..) 
2026-03-28 16:15:52.733  INFO 1 - [7878-exec-5] healenium                        : [Save Elements] Request: By.xpath(//span[text()=' Add Patient ']/../..) 
2026-03-28 16:15:54.798  INFO 1 - [7878-exec-6] healenium                        : [Save Elements] Request: By.xpath(//input[@aria-label="First Name"]) 
2026-03-28 16:15:54.932  INFO 1 - [7878-exec-7] healenium                        : [Save Elements] Request: By.xpath(//input[@aria-label="First Name"]) 
2026-03-28 16:15:55.144  INFO 1 - [878-exec-10] healenium                        : [Save Elements] Request: By.xpath(//input[@aria-label="Last Name"]) 
2026-03-28 16:15:55.327  INFO 1 - [7878-exec-1] healenium                        : [Save Elements] Request: By.xpath(//input[@aria-label="Date of Birth"]) 
2026-03-28 16:15:55.558  INFO 1 - [7878-exec-2] healenium                        : [Save Elements] Request: By.xpath(//input[@aria-label="Zip Code"]) 
2026-03-28 16:15:55.730  INFO 1 - [7878-exec-4] healenium                        : [Save Elements] Request: By.xpath(//span[text()="I have obtained Patient Consent for  "]/../..//input) 
2026-03-28 16:15:57.822  INFO 1 - [7878-exec-5] healenium                        : [Save Elements] Request: By.xpath(//span[text()="I have obtained Patient Consent for  "]/../..//input) 
2026-03-28 16:15:58.498  INFO 1 - [7878-exec-9] healenium                        : [Save Elements] Request: By.xpath(//span[text()="I have obtained Patient Consent for  "]/../..//input) 
2026-03-28 16:16:00.590  INFO 1 - [7878-exec-6] healenium                        : [Save Elements] Request: By.xpath(//div[@class="footer-buttons"]//ofx-button[@variant="primary"]) 
2026-03-28 16:16:03.162  INFO 1 - [7878-exec-5] healenium                        : [Save Elements] Request: By.xpath(//mat-dialog-actions//ofx-button[@class="ofx-btn ng-star-inserted"]) 
2026-03-28 16:16:04.456  INFO 1 - [7878-exec-9] healenium                        : [Save Elements] Request: By.xpath(//div[contains(@class,'loader-container') and contains(@style,'display: block')]) 
2026-03-28 16:16:05.062  INFO 1 - [7878-exec-6] healenium                        : [Save Elements] Request: By.xpath(//div[contains(@class,'loader-container') and contains(@style,'display: block')]) 
2026-03-28 16:16:05.692  INFO 1 - [7878-exec-7] healenium                        : [Save Elements] Request: By.xpath(//div[contains(@class,'loader-container') and contains(@style,'display: block')]) 
2026-03-28 16:16:06.329  INFO 1 - [878-exec-10] healenium                        : [Save Elements] Request: By.xpath(//div[contains(@class,'loader-container') and contains(@style,'display: block')]) 
2026-03-28 16:16:06.948  INFO 1 - [7878-exec-1] healenium                        : [Save Elements] Request: By.xpath(//div[contains(@class,'loader-container') and contains(@style,'display: block')]) 
2026-03-28 16:16:07.538  INFO 1 - [7878-exec-2] healenium                        : [Save Elements] Request: By.xpath(//div[contains(@class,'loader-container') and contains(@style,'display: block')]) 
2026-03-28 16:16:08.126  INFO 1 - [7878-exec-4] healenium                        : [Save Elements] Request: By.xpath(//div[contains(@class,'loader-container') and contains(@style,'display: block')]) 
2026-03-28 16:16:08.734  INFO 1 - [7878-exec-5] healenium                        : [Save Elements] Request: By.xpath(//div[contains(@class,'loader-container') and contains(@style,'display: block')]) 
2026-03-28 16:16:09.341  INFO 1 - [7878-exec-3] healenium                        : [Save Elements] Request: By.xpath(//div[contains(@class,'loader-container') and contains(@style,'display: block')]) 
2026-03-28 16:16:09.958  INFO 1 - [7878-exec-8] healenium                        : [Save Elements] Request: By.xpath(//div[contains(@class,'loader-container') and contains(@style,'display: block')]) 
2026-03-28 16:16:11.972  INFO 1 - [7878-exec-1] healenium                        : [Save Elements] Request: By.xpath(//div[contains(@class,'loader-container') and contains(@style,'display: block')]) 
2026-03-28 16:16:12.605  INFO 1 - [7878-exec-2] healenium                        : [Save Elements] Request: By.xpath(//div[contains(@class,'loader-container') and contains(@style,'display: block')]) 
2026-03-28 16:16:13.206  INFO 1 - [7878-exec-4] healenium                        : [Save Elements] Request: By.xpath(//div[contains(@class,'loader-container') and contains(@style,'display: block')]) 
2026-03-28 16:16:13.786  INFO 1 - [7878-exec-5] healenium                        : [Save Elements] Request: By.xpath(//div[contains(@class,'loader-container') and contains(@style,'display: block')]) 
2026-03-28 16:16:14.848  INFO 1 - [7878-exec-9] healenium                        : [Save Elements] Request: By.xpath(//span[normalize-space(text())='Aligner']/../following-sibling::ofx-button) 
2026-03-28 16:16:17.423  INFO 1 - [878-exec-10] healenium                        : [Save Elements] Request: By.xpath(//span[normalize-space(text())="Continue"]) 
2026-03-28 16:21:50.322  INFO 1 - [7878-exec-5] healenium                        : [Save Elements] Request: By.xpath(//input[@aria-label="Email"]) 
2026-03-28 16:21:50.443  INFO 1 - [7878-exec-3] healenium                        : [Save Elements] Request: By.xpath(//input[@aria-label="Email"]) 
2026-03-28 16:21:50.601  INFO 1 - [7878-exec-8] healenium                        : [Save Elements] Request: By.xpath(//input[@aria-label="Email"]) 
2026-03-28 16:21:51.083  INFO 1 - [7878-exec-9] healenium                        : [Save Elements] Request: By.xpath(//input[@aria-label="Password"]) 
2026-03-28 16:21:51.269  INFO 1 - [7878-exec-6] healenium                        : [Save Elements] Request: By.xpath(//input[@aria-label="Password"]) 
2026-03-28 16:21:51.477  INFO 1 - [7878-exec-7] healenium                        : [Save Elements] Request: By.xpath(//span[text()=" Login  "]/../..) 
2026-03-28 16:22:01.741  INFO 1 - [878-exec-10] healenium                        : [Save Elements] Request: By.xpath(//span[text()=' Add Patient ']/../..) 
2026-03-28 16:22:01.848  INFO 1 - [7878-exec-1] healenium                        : [Save Elements] Request: By.xpath(//span[text()=' Add Patient ']/../..) 
2026-03-28 16:22:01.983  INFO 1 - [7878-exec-2] healenium                        : [Save Elements] Request: By.xpath(//span[text()=' Add Patient ']/../..) 
2026-03-28 16:22:03.474  INFO 1 - [7878-exec-5] healenium                        : [Save Elements] Request: By.xpath(//mat-label[text()=' First Name ']) 
2026-03-28 16:22:03.567  INFO 1 - [7878-exec-3] healenium                        : [Save Elements] Request: By.xpath(//input[@aria-label="First Name"]) 
2026-03-28 16:22:03.685  INFO 1 - [7878-exec-8] healenium                        : [Save Elements] Request: By.xpath(//input[@aria-label="First Name"]) 
2026-03-28 16:22:03.908  INFO 1 - [7878-exec-9] healenium                        : [Save Elements] Request: By.xpath(//input[@aria-label="Last Name"]) 
2026-03-28 16:22:04.116  INFO 1 - [7878-exec-6] healenium                        : [Save Elements] Request: By.xpath(//input[@aria-label="Date of Birth"]) 
2026-03-28 16:22:04.541  INFO 1 - [7878-exec-7] healenium                        : [Save Elements] Request: By.xpath(//input[@aria-label="Zip Code"]) 
2026-03-28 16:22:04.924  INFO 1 - [878-exec-10] healenium                        : [Save Elements] Request: By.xpath(//span[text()="I have obtained Patient Consent for  "]/../..//input) 
2026-03-28 16:22:07.046  INFO 1 - [7878-exec-1] healenium                        : [Save Elements] Request: By.xpath(//span[text()="I have obtained Patient Consent for  "]/../..//input) 
2026-03-28 16:22:08.011  INFO 1 - [7878-exec-5] healenium                        : [Save Elements] Request: By.xpath(//span[text()="I have obtained Patient Consent for  "]/../..//input) 
2026-03-28 16:22:10.163  INFO 1 - [7878-exec-3] healenium                        : [Save Elements] Request: By.xpath(//div[@class="footer-buttons"]//ofx-button[@variant="primary"]) 
2026-03-28 16:22:12.537  INFO 1 - [7878-exec-7] healenium                        : [Save Elements] Request: By.xpath(//mat-dialog-actions//ofx-button[@class="ofx-btn ng-star-inserted"]) 
2026-03-28 16:22:13.129  INFO 1 - [878-exec-10] healenium                        : [Save Elements] Request: By.xpath(//mat-dialog-actions//ofx-button[@class="ofx-btn ng-star-inserted"]) 
2026-03-28 16:22:13.225  INFO 1 - [7878-exec-1] healenium                        : [Save Elements] Request: By.xpath(//mat-dialog-actions//ofx-button[@class="ofx-btn ng-star-inserted"]) 
2026-03-28 16:22:14.625  INFO 1 - [7878-exec-5] healenium                        : [Save Elements] Request: By.xpath(//div[contains(@class,'loader-container') and contains(@style,'display: block')]) 
2026-03-28 16:22:15.239  INFO 1 - [7878-exec-3] healenium                        : [Save Elements] Request: By.xpath(//div[contains(@class,'loader-container') and contains(@style,'display: block')]) 
2026-03-28 16:22:15.869  INFO 1 - [7878-exec-8] healenium                        : [Save Elements] Request: By.xpath(//div[contains(@class,'loader-container') and contains(@style,'display: block')]) 
2026-03-28 16:22:16.475  INFO 1 - [7878-exec-9] healenium                        : [Save Elements] Request: By.xpath(//div[contains(@class,'loader-container') and contains(@style,'display: block')]) 
2026-03-28 16:22:17.086  INFO 1 - [7878-exec-6] healenium                        : [Save Elements] Request: By.xpath(//div[contains(@class,'loader-container') and contains(@style,'display: block')]) 
2026-03-28 16:22:17.711  INFO 1 - [7878-exec-7] healenium                        : [Save Elements] Request: By.xpath(//div[contains(@class,'loader-container') and contains(@style,'display: block')]) 
2026-03-28 16:22:18.302  INFO 1 - [878-exec-10] healenium                        : [Save Elements] Request: By.xpath(//div[contains(@class,'loader-container') and contains(@style,'display: block')]) 
2026-03-28 16:22:18.934  INFO 1 - [7878-exec-1] healenium                        : [Save Elements] Request: By.xpath(//div[contains(@class,'loader-container') and contains(@style,'display: block')]) 
2026-03-28 16:22:19.593  INFO 1 - [7878-exec-2] healenium                        : [Save Elements] Request: By.xpath(//div[contains(@class,'loader-container') and contains(@style,'display: block')]) 
2026-03-28 16:22:21.203  INFO 1 - [7878-exec-3] healenium                        : [Save Elements] Request: By.xpath(//div[contains(@class,'loader-container') and contains(@style,'display: block')]) 
2026-03-28 16:22:21.795  INFO 1 - [7878-exec-8] healenium                        : [Save Elements] Request: By.xpath(//div[contains(@class,'loader-container') and contains(@style,'display: block')]) 
2026-03-28 16:22:22.384  INFO 1 - [7878-exec-9] healenium                        : [Save Elements] Request: By.xpath(//div[contains(@class,'loader-container') and contains(@style,'display: block')]) 
2026-03-28 16:22:23.911  INFO 1 - [878-exec-10] healenium                        : [Save Elements] Request: By.xpath(//div[contains(@class,'loader-container') and contains(@style,'display: block')]) 
2026-03-28 16:22:25.417  INFO 1 - [7878-exec-3] healenium                        : [Save Elements] Request: By.xpath(//span[normalize-space(text())='Aligner']/../following-sibling::ofx-button) 
2026-03-28 16:22:27.965  INFO 1 - [7878-exec-6] healenium                        : [Save Elements] Request: By.xpath(//span[normalize-space(text())="Continue"]) 
2026-03-28 16:27:24.671  INFO 1 - [7878-exec-2] healenium                        : [Save Elements] Request: By.xpath(//input[@aria-label="Email"]) 
2026-03-28 16:27:24.757  INFO 1 - [7878-exec-4] healenium                        : [Save Elements] Request: By.xpath(//input[@aria-label="Email"]) 
2026-03-28 16:27:24.913  INFO 1 - [7878-exec-5] healenium                        : [Save Elements] Request: By.xpath(//input[@aria-label="Email"]) 
2026-03-28 16:27:25.094  INFO 1 - [7878-exec-3] healenium                        : [Save Elements] Request: By.xpath(//input[@aria-label="Password"]) 
2026-03-28 16:27:25.197  INFO 1 - [7878-exec-8] healenium                        : [Save Elements] Request: By.xpath(//input[@aria-label="Password"]) 
2026-03-28 16:27:25.354  INFO 1 - [7878-exec-9] healenium                        : [Save Elements] Request: By.xpath(//span[text()=" Login  "]/../..) 
2026-03-28 16:27:35.562  INFO 1 - [7878-exec-6] healenium                        : [Save Elements] Request: By.xpath(//span[text()=' Add Patient ']/../..) 
2026-03-28 16:27:35.616  INFO 1 - [7878-exec-7] healenium                        : [Save Elements] Request: By.xpath(//span[text()=' Add Patient ']/../..) 
2026-03-28 16:27:35.674  INFO 1 - [878-exec-10] healenium                        : [Save Elements] Request: By.xpath(//span[text()=' Add Patient ']/../..) 
2026-03-28 16:27:37.137  INFO 1 - [7878-exec-2] healenium                        : [Save Elements] Request: By.xpath(//mat-label[text()=' First Name ']) 
2026-03-28 16:27:37.219  INFO 1 - [7878-exec-4] healenium                        : [Save Elements] Request: By.xpath(//input[@aria-label="First Name"]) 
2026-03-28 16:27:37.288  INFO 1 - [7878-exec-5] healenium                        : [Save Elements] Request: By.xpath(//input[@aria-label="First Name"]) 
2026-03-28 16:27:37.432  INFO 1 - [7878-exec-3] healenium                        : [Save Elements] Request: By.xpath(//input[@aria-label="Last Name"]) 
2026-03-28 16:27:37.570  INFO 1 - [7878-exec-8] healenium                        : [Save Elements] Request: By.xpath(//input[@aria-label="Date of Birth"]) 
2026-03-28 16:27:37.780  INFO 1 - [7878-exec-9] healenium                        : [Save Elements] Request: By.xpath(//input[@aria-label="Zip Code"]) 
2026-03-28 16:27:38.011  INFO 1 - [7878-exec-6] healenium                        : [Save Elements] Request: By.xpath(//span[text()="I have obtained Patient Consent for  "]/../..//input) 
2026-03-28 16:27:40.119  INFO 1 - [7878-exec-7] healenium                        : [Save Elements] Request: By.xpath(//span[text()="I have obtained Patient Consent for  "]/../..//input) 
2026-03-28 16:27:40.938  INFO 1 - [7878-exec-2] healenium                        : [Save Elements] Request: By.xpath(//span[text()="I have obtained Patient Consent for  "]/../..//input) 
2026-03-28 16:27:43.022  INFO 1 - [7878-exec-4] healenium                        : [Save Elements] Request: By.xpath(//div[@class="footer-buttons"]//ofx-button[@variant="primary"]) 
2026-03-28 16:27:45.690  INFO 1 - [7878-exec-7] healenium                        : [Save Elements] Request: By.xpath(//mat-dialog-actions//ofx-button[@class="ofx-btn ng-star-inserted"]) 
2026-03-28 16:27:46.919  INFO 1 - [7878-exec-2] healenium                        : [Save Elements] Request: By.xpath(//div[contains(@class,'loader-container') and contains(@style,'display: block')]) 
2026-03-28 16:27:47.536  INFO 1 - [7878-exec-4] healenium                        : [Save Elements] Request: By.xpath(//div[contains(@class,'loader-container') and contains(@style,'display: block')]) 
2026-03-28 16:27:48.153  INFO 1 - [7878-exec-5] healenium                        : [Save Elements] Request: By.xpath(//div[contains(@class,'loader-container') and contains(@style,'display: block')]) 
2026-03-28 16:27:48.760  INFO 1 - [7878-exec-3] healenium                        : [Save Elements] Request: By.xpath(//div[contains(@class,'loader-container') and contains(@style,'display: block')]) 
2026-03-28 16:27:49.357  INFO 1 - [7878-exec-8] healenium                        : [Save Elements] Request: By.xpath(//div[contains(@class,'loader-container') and contains(@style,'display: block')]) 
2026-03-28 16:27:49.923  INFO 1 - [7878-exec-9] healenium                        : [Save Elements] Request: By.xpath(//div[contains(@class,'loader-container') and contains(@style,'display: block')]) 
2026-03-28 16:27:50.519  INFO 1 - [7878-exec-6] healenium                        : [Save Elements] Request: By.xpath(//div[contains(@class,'loader-container') and contains(@style,'display: block')]) 
2026-03-28 16:27:51.138  INFO 1 - [7878-exec-7] healenium                        : [Save Elements] Request: By.xpath(//div[contains(@class,'loader-container') and contains(@style,'display: block')]) 
2026-03-28 16:27:51.761  INFO 1 - [878-exec-10] healenium                        : [Save Elements] Request: By.xpath(//div[contains(@class,'loader-container') and contains(@style,'display: block')]) 
2026-03-28 16:27:52.350  INFO 1 - [7878-exec-1] healenium                        : [Save Elements] Request: By.xpath(//div[contains(@class,'loader-container') and contains(@style,'display: block')]) 
2026-03-28 16:27:53.874  INFO 1 - [7878-exec-5] healenium                        : [Save Elements] Request: By.xpath(//div[contains(@class,'loader-container') and contains(@style,'display: block')]) 
2026-03-28 16:27:54.486  INFO 1 - [7878-exec-3] healenium                        : [Save Elements] Request: By.xpath(//div[contains(@class,'loader-container') and contains(@style,'display: block')]) 
2026-03-28 16:27:55.079  INFO 1 - [7878-exec-8] healenium                        : [Save Elements] Request: By.xpath(//div[contains(@class,'loader-container') and contains(@style,'display: block')]) 
2026-03-28 16:27:55.683  INFO 1 - [7878-exec-9] healenium                        : [Save Elements] Request: By.xpath(//div[contains(@class,'loader-container') and contains(@style,'display: block')]) 
2026-03-28 16:27:56.256  INFO 1 - [7878-exec-6] healenium                        : [Save Elements] Request: By.xpath(//div[contains(@class,'loader-container') and contains(@style,'display: block')]) 
2026-03-28 16:27:57.971  INFO 1 - [7878-exec-4] healenium                        : [Save Elements] Request: By.xpath(//span[normalize-space(text())='Aligner']/../following-sibling::ofx-button) 
2026-03-28 16:28:00.612  INFO 1 - [7878-exec-8] healenium                        : [Save Elements] Request: By.xpath(//span[normalize-space(text())="Continue"]) 
